2026-07-23 10:47:25,469 | INFO | Notebook 02 Started
2026-07-23 10:54:41,661 | INFO | 0% (22/18810) of the cadences will be ignored due to the quality mask (quality_bitmask=17087).
2026-07-23 10:54:41,704 | ERROR | 158722002 : Cannot save file into a non-existent directory: 'D:\MachineLearning\data\raw\lightcurves'
2026-07-23 10:54:42,725 | INFO | 0% (41/18597) of the cadences will be ignored due to the quality mask (quality_bitmask=17087).
2026-07-23 10:54:42,755 | ERROR | 121988890 : Cannot save file into a non-existent directory: 'D:\MachineLearning\data\raw\lightcurves'
2026-07-23 10:54:43,817 | INFO | 0% (41/18597) of the cadences will be ignored due to the quality mask (quality_bitmask=17087).
2026-07-23 10:54:43,853 | ERROR | 350813882 : Cannot save file into a non-existent directory: 'D:\MachineLearning\data\raw\lightcurves'
2026-07-23 10:54:53,465 | INFO | 0% (41/18597) of the cadences will be ignored due to the quality mask (quality_bitmask=17087).
2026-07-23 10:54:53,495 | ERROR | 121598758 : Cannot save file into a non-existent directory: 'D:\MachineLearning\data\raw\lightcurves'
2026-07-23 10:54:54,690 | INFO | 0% (22/18810) of the cadences will be ignored due to the quality mask (quality_bitmask=17087).
2026-07-23 10:54:54,720 | ERROR | 123499226 : Cannot save file into a non-existent directory: 'D:\MachineLearning\data\raw\lightcurves'
2026-07-23 10:54:55,919 | INFO | 0% (23/18810) of the cadences will be ignored due to the quality mask (quality_bitmask=17087).
2026-07-23 10:54:55,957 | ERROR | 184298883 : Cannot save file into a non-existent directory: 'D:\MachineLearning\data\raw\lightcurves'
2026-07-23 10:54:57,149 | INFO | 0% (52/18462) of the cadences will be ignored due to the quality mask (quality_bitmask=17087).
2026-07-23 10:54:57,182 | ERROR | 271959909 : Cannot save file into a non-existent directory: 'D:\MachineLearning\data\raw\lightcurves'
2026-07-23 10:55:13,324 | INFO | 0% (22/18810) of the cadences will be ignored due to the quality mask (quality_bitmask=17087).
2026-07-23 10:55:13,351 | ERROR | 239229224 : Cannot save file into a non-existent directory: 'D:\MachineLearning\data\raw\lightcurves'
2026-07-23 10:56:29,465 | INFO | Notebook 02 Started
2026-07-23 10:56:33,002 | INFO | 0% (22/18810) of the cadences will be ignored due to the quality mask (quality_bitmask=17087).
2026-07-23 10:56:34,216 | INFO | 0% (41/18597) of the cadences will be ignored due to the quality mask (quality_bitmask=17087).
2026-07-23 10:56:35,369 | INFO | 0% (41/18597) of the cadences will be ignored due to the quality mask (quality_bitmask=17087).
2026-07-23 10:56:44,713 | INFO | 0% (41/18597) of the cadences will be ignored due to the quality mask (quality_bitmask=17087).
2026-07-23 10:56:45,935 | INFO | 0% (22/18810) of the cadences will be ignored due to the quality mask (quality_bitmask=17087).
2026-07-23 10:56:47,481 | INFO | 0% (23/18810) of the cadences will be ignored due to the quality mask (quality_bitmask=17087).
2026-07-23 10:57:09,037 | INFO | 0% (52/18462) of the cadences will be ignored due to the quality mask (quality_bitmask=17087).
2026-07-23 10:57:25,012 | INFO | 0% (22/18810) of the cadences will be ignored due to the quality mask (quality_bitmask=17087).
2026-07-23 10:57:55,529 | INFO | 0% (22/18810) of the cadences will be ignored due to the quality mask (quality_bitmask=17087).
2026-07-23 10:57:56,955 | INFO | 0% (33/19643) of the cadences will be ignored due to the quality mask (quality_bitmask=17087).
2026-07-23 10:57:58,261 | INFO | 0% (22/18810) of the cadences will be ignored due to the quality mask (quality_bitmask=17087).
2026-07-23 10:58:04,372 | INFO | 0% (32/19643) of the cadences will be ignored due to the quality mask (quality_bitmask=17087).
2026-07-23 10:58:22,899 | INFO | 0% (22/18810) of the cadences will be ignored due to the quality mask (quality_bitmask=17087).
2026-07-23 10:58:40,646 | ERROR | 63293562 : Error in reading Data product C:\Users\Prinshu\.cache\lightkurve\mastDownload\TESS\tess2024003055635-s0074-0000000063293562-0269-a_fast\tess2024003055635-s0074-0000000063293562-0269-a_fast-lc.fits of type TessLightCurve .
This file may be corrupt due to an interrupted download. Please remove it from your disk and try again.
2026-07-23 10:58:57,295 | INFO | 0% (26/18348) of the cadences will be ignored due to the quality mask (quality_bitmask=17087).
2026-07-23 10:59:16,954 | INFO | 0% (53/18462) of the cadences will be ignored due to the quality mask (quality_bitmask=17087).
2026-07-23 10:59:38,795 | INFO | 0% (23/18810) of the cadences will be ignored due to the quality mask (quality_bitmask=17087).
2026-07-23 10:59:57,721 | INFO | 0% (42/18597) of the cadences will be ignored due to the quality mask (quality_bitmask=17087).
2026-07-23 11:00:18,804 | INFO | 0% (22/18810) of the cadences will be ignored due to the quality mask (quality_bitmask=17087).
2026-07-23 11:00:40,697 | INFO | 0% (22/18810) of the cadences will be ignored due to the quality mask (quality_bitmask=17087).
2026-07-23 11:01:09,019 | INFO | 0% (22/18810) of the cadences will be ignored due to the quality mask (quality_bitmask=17087).
2026-07-23 11:01:21,863 | INFO | 0% (22/18810) of the cadences will be ignored due to the quality mask (quality_bitmask=17087).
2026-07-23 11:01:34,695 | INFO | 0% (41/18597) of the cadences will be ignored due to the quality mask (quality_bitmask=17087).
2026-07-23 11:01:47,754 | INFO | 0% (22/19496) of the cadences will be ignored due to the quality mask (quality_bitmask=17087).
2026-07-23 11:02:04,119 | INFO | 0% (26/18348) of the cadences will be ignored due to the quality mask (quality_bitmask=17087).
2026-07-23 11:02:14,175 | INFO | 0% (23/18810) of the cadences will be ignored due to the quality mask (quality_bitmask=17087).
2026-07-23 11:02:27,429 | INFO | 0% (23/18810) of the cadences will be ignored due to the quality mask (quality_bitmask=17087).
2026-07-23 11:02:40,993 | INFO | 0% (33/19643) of the cadences will be ignored due to the quality mask (quality_bitmask=17087).
2026-07-23 11:03:09,978 | INFO | 0% (33/17336) of the cadences will be ignored due to the quality mask (quality_bitmask=17087).
2026-07-23 11:03:19,189 | INFO | 0% (22/18810) of the cadences will be ignored due to the quality mask (quality_bitmask=17087).
2026-07-23 11:03:30,067 | INFO | 0% (25/18810) of the cadences will be ignored due to the quality mask (quality_bitmask=17087).
2026-07-23 11:03:41,179 | INFO | 0% (43/18597) of the cadences will be ignored due to the quality mask (quality_bitmask=17087).
2026-07-23 11:03:51,034 | INFO | 0% (34/19643) of the cadences will be ignored due to the quality mask (quality_bitmask=17087).
2026-07-23 11:04:01,158 | INFO | 0% (22/18810) of the cadences will be ignored due to the quality mask (quality_bitmask=17087).
2026-07-23 11:04:11,892 | INFO | 0% (52/18462) of the cadences will be ignored due to the quality mask (quality_bitmask=17087).
2026-07-23 11:04:50,049 | INFO | 1% (232/18654) of the cadences will be ignored due to the quality mask (quality_bitmask=17087).
2026-07-23 11:05:05,045 | INFO | 0% (22/18810) of the cadences will be ignored due to the quality mask (quality_bitmask=17087).
2026-07-23 11:05:23,556 | INFO | 0% (22/19496) of the cadences will be ignored due to the quality mask (quality_bitmask=17087).
2026-07-23 11:05:40,534 | INFO | 0% (52/18462) of the cadences will be ignored due to the quality mask (quality_bitmask=17087).
2026-07-23 11:05:57,630 | INFO | 0% (43/18597) of the cadences will be ignored due to the quality mask (quality_bitmask=17087).
2026-07-23 11:06:18,135 | INFO | 0% (34/19643) of the cadences will be ignored due to the quality mask (quality_bitmask=17087).
2026-07-23 11:06:35,970 | INFO | 0% (30/18166) of the cadences will be ignored due to the quality mask (quality_bitmask=17087).
2026-07-23 11:06:54,905 | INFO | 0% (22/18810) of the cadences will be ignored due to the quality mask (quality_bitmask=17087).
2026-07-23 11:07:13,590 | INFO | 0% (23/18810) of the cadences will be ignored due to the quality mask (quality_bitmask=17087).
2026-07-23 11:07:39,875 | INFO | 0% (32/19643) of the cadences will be ignored due to the quality mask (quality_bitmask=17087).
2026-07-23 11:08:31,217 | INFO | 0% (168/117871) of the cadences will be ignored due to the quality mask (quality_bitmask=17087).
2026-07-23 11:08:44,428 | INFO | 0% (22/18810) of the cadences will be ignored due to the quality mask (quality_bitmask=17087).
2026-07-23 11:09:14,287 | INFO | 0% (23/18810) of the cadences will be ignored due to the quality mask (quality_bitmask=17087).
2026-07-23 11:09:26,619 | INFO | 0% (22/18810) of the cadences will be ignored due to the quality mask (quality_bitmask=17087).
2026-07-23 11:09:39,548 | INFO | 0% (52/18462) of the cadences will be ignored due to the quality mask (quality_bitmask=17087).
2026-07-23 11:10:01,428 | INFO | 2% (308/17248) of the cadences will be ignored due to the quality mask (quality_bitmask=17087).
2026-07-23 11:10:14,061 | INFO | 0% (32/19643) of the cadences will be ignored due to the quality mask (quality_bitmask=17087).
2026-07-23 11:10:27,494 | INFO | 1% (231/18654) of the cadences will be ignored due to the quality mask (quality_bitmask=17087).
2026-07-23 11:10:37,432 | INFO | 0% (52/18462) of the cadences will be ignored due to the quality mask (quality_bitmask=17087).
2026-07-23 11:10:43,609 | INFO | 0% (22/18810) of the cadences will be ignored due to the quality mask (quality_bitmask=17087).
2026-07-23 11:10:49,894 | INFO | 0% (41/18597) of the cadences will be ignored due to the quality mask (quality_bitmask=17087).
2026-07-23 11:10:59,644 | INFO | 0% (29/18348) of the cadences will be ignored due to the quality mask (quality_bitmask=17087).
2026-07-23 11:11:10,673 | INFO | 0% (34/19643) of the cadences will be ignored due to the quality mask (quality_bitmask=17087).
2026-07-23 11:11:27,945 | INFO | 0% (34/19643) of the cadences will be ignored due to the quality mask (quality_bitmask=17087).
2026-07-23 11:11:42,128 | INFO | 1% (132/16405) of the cadences will be ignored due to the quality mask (quality_bitmask=17087).
2026-07-23 11:11:54,698 | INFO | 0% (41/18597) of the cadences will be ignored due to the quality mask (quality_bitmask=17087).
2026-07-23 11:12:07,613 | INFO | 0% (27/18810) of the cadences will be ignored due to the quality mask (quality_bitmask=17087).
2026-07-23 11:12:21,532 | INFO | 0% (22/18810) of the cadences will be ignored due to the quality mask (quality_bitmask=17087).
2026-07-23 11:12:56,514 | INFO | 0% (204/117871) of the cadences will be ignored due to the quality mask (quality_bitmask=17087).
2026-07-23 11:13:13,749 | INFO | 0% (33/19643) of the cadences will be ignored due to the quality mask (quality_bitmask=17087).
2026-07-23 11:13:24,362 | INFO | 0% (26/19050) of the cadences will be ignored due to the quality mask (quality_bitmask=17087).
2026-07-23 11:13:33,753 | INFO | 8% (1407/18197) of the cadences will be ignored due to the quality mask (quality_bitmask=17087).
2026-07-23 11:13:45,991 | INFO | 3% (509/19373) of the cadences will be ignored due to the quality mask (quality_bitmask=17087).
2026-07-23 11:14:36,345 | INFO | 1% (972/98454) of the cadences will be ignored due to the quality mask (quality_bitmask=17087).
2026-07-23 11:14:49,255 | WARNING | Warning: 37% (6212/16999) of the cadences will be ignored due to the quality mask (quality_bitmask=17087).
2026-07-23 11:15:28,465 | INFO | 11% (10939/99868) of the cadences will be ignored due to the quality mask (quality_bitmask=17087).
2026-07-23 11:15:49,296 | INFO | 18% (3164/17674) of the cadences will be ignored due to the quality mask (quality_bitmask=17087).
2026-07-23 11:16:21,469 | INFO | 0% (26/18348) of the cadences will be ignored due to the quality mask (quality_bitmask=17087).
2026-07-23 11:16:32,628 | INFO | 0% (22/18810) of the cadences will be ignored due to the quality mask (quality_bitmask=17087).
2026-07-23 11:16:42,459 | INFO | 4% (725/17256) of the cadences will be ignored due to the quality mask (quality_bitmask=17087).
2026-07-23 11:16:56,127 | WARNING | Warning: 30% (5871/19412) of the cadences will be ignored due to the quality mask (quality_bitmask=17087).
2026-07-23 11:17:09,429 | INFO | 2% (281/15973) of the cadences will be ignored due to the quality mask (quality_bitmask=17087).
2026-07-23 11:17:22,596 | INFO | 0% (22/18810) of the cadences will be ignored due to the quality mask (quality_bitmask=17087).
2026-07-23 11:17:33,890 | INFO | 0% (32/19643) of the cadences will be ignored due to the quality mask (quality_bitmask=17087).
2026-07-23 11:17:45,245 | INFO | 0% (30/16779) of the cadences will be ignored due to the quality mask (quality_bitmask=17087).
2026-07-23 11:17:54,142 | INFO | 3% (626/17888) of the cadences will be ignored due to the quality mask (quality_bitmask=17087).
2026-07-23 11:18:02,436 | INFO | 0% (52/18462) of the cadences will be ignored due to the quality mask (quality_bitmask=17087).
2026-07-23 11:19:01,129 | INFO | 15% (15852/106050) of the cadences will be ignored due to the quality mask (quality_bitmask=17087).
2026-07-23 11:19:17,496 | INFO | 0% (52/18462) of the cadences will be ignored due to the quality mask (quality_bitmask=17087).
2026-07-23 11:19:30,196 | INFO | 0% (41/18597) of the cadences will be ignored due to the quality mask (quality_bitmask=17087).
2026-07-23 11:19:47,732 | INFO | 0% (33/19643) of the cadences will be ignored due to the quality mask (quality_bitmask=17087).
2026-07-23 11:20:02,409 | INFO | 1% (231/18654) of the cadences will be ignored due to the quality mask (quality_bitmask=17087).
2026-07-23 11:20:21,414 | INFO | 2% (306/18654) of the cadences will be ignored due to the quality mask (quality_bitmask=17087).
2026-07-23 11:20:37,704 | INFO | 0% (22/18810) of the cadences will be ignored due to the quality mask (quality_bitmask=17087).
2026-07-23 11:20:51,266 | INFO | 0% (18/18009) of the cadences will be ignored due to the quality mask (quality_bitmask=17087).
2026-07-23 11:20:54,000 | INFO | 0% (22/18810) of the cadences will be ignored due to the quality mask (quality_bitmask=17087).
